is_train : 0
data_dir : ./cifar10/cifar-10-batches-py
eval_freq : 1000
learning_rate : 0.0001
print_freq : 10
batch_size : 128
checkpoint_dir : ./checkpoints
log_dir : ./logs/cifar10
train_model : linear
checkpoint_freq : 5000
max_steps : 15000
Creating model
Tensor("ConvNet/conv1/pool1:0", shape=(?, 16, 16, 64), dtype=float32)
Tensor("ConvNet/conv2/pool2:0", shape=(?, 8, 8, 64), dtype=float32)
loading previous session
Evaluating model
Calculating TSNE
(10000, 2)
(10000, 10)
[[-18.0776648   -5.0406778 ]
 [ 81.178216    -8.76009701]
 [ 28.35013983 -35.48765179]
 ..., 
 [-55.89960925  30.07079823]
 [  8.66399269  -3.1147415 ]
 [-52.21894997  22.27574214]]
[3 8 8 ..., 5 4 7]
[[  15.98448786  -28.70868637]
 [ -15.75471163  -33.25296576]
 [  -8.89381848  -64.98299196]
 ..., 
 [ 103.85264828   84.70073764]
 [  70.17754844   -1.64432236]
 [  96.99920734   15.94078277]]
(1023, 2)
[[  19.43791964   42.36990037]
 [  46.23627144  -23.29465196]
 [  31.93164548  -21.53573577]
 ..., 
 [  64.6425409   -13.67679273]
 [ 104.19330537   66.59407972]
 [  29.76012511    6.16105437]]
(979, 2)
[[  65.73674757  149.85951216]
 [ -14.36946833  -15.92454998]
 [ -53.15382494   -7.99238208]
 ..., 
 [ -33.2700744    11.7966741 ]
 [ -43.31366219   -9.78047988]
 [  -5.02223144  -35.23055323]]
(1077, 2)
[[-18.0776648   -5.0406778 ]
 [-54.05580623 -27.29234023]
 [ -5.07904492 -29.32223907]
 ..., 
 [-54.41851718  45.49665471]
 [-36.55267575  37.99845341]
 [-57.29262906   7.8093786 ]]
(953, 2)
[[-58.09104838 -16.33048198]
 [-48.6183167   24.52958528]
 [-27.93659568 -68.04415651]
 ..., 
 [-25.89593467  14.18077151]
 [-32.55602435 -14.70326679]
 [  8.66399269  -3.1147415 ]]
(939, 2)
[[-36.76625195   4.28120462]
 [-57.83870334  59.96309256]
 [-57.19558815 -30.01210303]
 ..., 
 [-68.90515969  94.36828009]
 [-29.07326367  18.67006672]
 [-55.89960925  30.07079823]]
(963, 2)
[[-20.86026095 -12.21344819]
 [  0.0584161  -29.36232986]
 [-19.42416813 -33.30562315]
 ..., 
 [-24.86970921 -47.95997889]
 [ -7.89953701  43.07534798]
 [-26.12584506  14.35491417]]
(1031, 2)
[[ -70.15651698   70.42234196]
 [ -45.0632397    46.17043915]
 [ -14.86849095   12.90604064]
 ..., 
 [ -33.66794782  -31.18773279]
 [-104.3039987   144.72762947]
 [ -52.21894997   22.27574214]]
(1015, 2)
[[  81.178216     -8.76009701]
 [  28.35013983  -35.48765179]
 [  38.33985818  -19.82309884]
 ..., 
 [  15.18629615  -35.07176828]
 [  54.46724711  -30.9370619 ]
 [ 109.12554794   -5.51605057]]
(1008, 2)
[[  82.35469198   25.65438811]
 [  64.37515953   40.65209418]
 [ 142.34002856   96.33601071]
 ..., 
 [  63.79301735   28.98091835]
 [  30.1668495    38.1213005 ]
 [  -1.70122666   45.50533126]]
(1012, 2)
Total run time2
is_train : 0
data_dir : ./cifar10/cifar-10-batches-py
eval_freq : 1000
learning_rate : 0.0001
print_freq : 10
batch_size : 128
checkpoint_dir : ./checkpoints
log_dir : ./logs/cifar10
train_model : linear
checkpoint_freq : 5000
max_steps : 15000
Creating model
Tensor("ConvNet/conv1/pool1:0", shape=(?, 16, 16, 64), dtype=float32)
Tensor("ConvNet/conv2/pool2:0", shape=(?, 8, 8, 64), dtype=float32)
loading previous session
Evaluating model
Calculating TSNE
(10000, 2)
(10000, 10)
[[-18.0776648   -5.0406778 ]
 [ 81.178216    -8.76009701]
 [ 28.35013983 -35.48765179]
 ..., 
 [-55.89960925  30.07079823]
 [  8.66399269  -3.1147415 ]
 [-52.21894997  22.27574214]]
[3 8 8 ..., 5 4 7]
[[  15.98448786  -28.70868637]
 [ -15.75471163  -33.25296576]
 [  -8.89381848  -64.98299196]
 ..., 
 [ 103.85264828   84.70073764]
 [  70.17754844   -1.64432236]
 [  96.99920734   15.94078277]]
(1023, 2)
[[  19.43791964   42.36990037]
 [  46.23627144  -23.29465196]
 [  31.93164548  -21.53573577]
 ..., 
 [  64.6425409   -13.67679273]
 [ 104.19330537   66.59407972]
 [  29.76012511    6.16105437]]
(979, 2)
[[  65.73674757  149.85951216]
 [ -14.36946833  -15.92454998]
 [ -53.15382494   -7.99238208]
 ..., 
 [ -33.2700744    11.7966741 ]
 [ -43.31366219   -9.78047988]
 [  -5.02223144  -35.23055323]]
(1077, 2)
[[-18.0776648   -5.0406778 ]
 [-54.05580623 -27.29234023]
 [ -5.07904492 -29.32223907]
 ..., 
 [-54.41851718  45.49665471]
 [-36.55267575  37.99845341]
 [-57.29262906   7.8093786 ]]
(953, 2)
[[-58.09104838 -16.33048198]
 [-48.6183167   24.52958528]
 [-27.93659568 -68.04415651]
 ..., 
 [-25.89593467  14.18077151]
 [-32.55602435 -14.70326679]
 [  8.66399269  -3.1147415 ]]
(939, 2)
[[-36.76625195   4.28120462]
 [-57.83870334  59.96309256]
 [-57.19558815 -30.01210303]
 ..., 
 [-68.90515969  94.36828009]
 [-29.07326367  18.67006672]
 [-55.89960925  30.07079823]]
(963, 2)
[[-20.86026095 -12.21344819]
 [  0.0584161  -29.36232986]
 [-19.42416813 -33.30562315]
 ..., 
 [-24.86970921 -47.95997889]
 [ -7.89953701  43.07534798]
 [-26.12584506  14.35491417]]
(1031, 2)
[[ -70.15651698   70.42234196]
 [ -45.0632397    46.17043915]
 [ -14.86849095   12.90604064]
 ..., 
 [ -33.66794782  -31.18773279]
 [-104.3039987   144.72762947]
 [ -52.21894997   22.27574214]]
(1015, 2)
[[  81.178216     -8.76009701]
 [  28.35013983  -35.48765179]
 [  38.33985818  -19.82309884]
 ..., 
 [  15.18629615  -35.07176828]
 [  54.46724711  -30.9370619 ]
 [ 109.12554794   -5.51605057]]
(1008, 2)
[[  82.35469198   25.65438811]
 [  64.37515953   40.65209418]
 [ 142.34002856   96.33601071]
 ..., 
 [  63.79301735   28.98091835]
 [  30.1668495    38.1213005 ]
 [  -1.70122666   45.50533126]]
(1012, 2)
Total run time2
