is_train : True
data_dir : ./cifar10/cifar-10-batches-py
eval_freq : 1000
learning_rate : 0.0001
print_freq : 10
batch_size : 128
checkpoint_dir : ./checkpoints
log_dir : ./logs/cifar10
train_model : linear
checkpoint_freq : 5000
max_steps : 15000
Iteration 1/15000. Train Loss = 23.984, Train Accuracy = 0.156
Iteration 1/15000. Validation Loss = 18.344, Validation Accuracy = 0.122
Iteration 1000/15000. Train Loss = 1.087, Train Accuracy = 0.609
Iteration 1000/15000. Validation Loss = 1.121, Validation Accuracy = 0.621
Iteration 2000/15000. Train Loss = 0.400, Train Accuracy = 0.859
Iteration 2000/15000. Validation Loss = 1.000, Validation Accuracy = 0.692
Iteration 3000/15000. Train Loss = 0.277, Train Accuracy = 0.914
Iteration 3000/15000. Validation Loss = 1.102, Validation Accuracy = 0.700
Iteration 4000/15000. Train Loss = 0.066, Train Accuracy = 0.992
Iteration 4000/15000. Validation Loss = 1.284, Validation Accuracy = 0.720
Iteration 5000/15000. Train Loss = 0.016, Train Accuracy = 1.000
Iteration 5000/15000. Validation Loss = 1.638, Validation Accuracy = 0.703
Iteration 6000/15000. Train Loss = 0.013, Train Accuracy = 1.000
Iteration 6000/15000. Validation Loss = 1.734, Validation Accuracy = 0.722
Iteration 7000/15000. Train Loss = 0.036, Train Accuracy = 0.984
Iteration 7000/15000. Validation Loss = 1.939, Validation Accuracy = 0.708
Iteration 8000/15000. Train Loss = 0.033, Train Accuracy = 0.984
Iteration 8000/15000. Validation Loss = 2.268, Validation Accuracy = 0.708
Iteration 9000/15000. Train Loss = 0.009, Train Accuracy = 1.000
Iteration 9000/15000. Validation Loss = 2.290, Validation Accuracy = 0.718
Iteration 10000/15000. Train Loss = 0.025, Train Accuracy = 0.992
Iteration 10000/15000. Validation Loss = 2.553, Validation Accuracy = 0.716
Iteration 11000/15000. Train Loss = 0.007, Train Accuracy = 1.000
Iteration 11000/15000. Validation Loss = 2.549, Validation Accuracy = 0.715
Iteration 12000/15000. Train Loss = 0.002, Train Accuracy = 1.000
Iteration 12000/15000. Validation Loss = 2.759, Validation Accuracy = 0.710
Iteration 13000/15000. Train Loss = 0.002, Train Accuracy = 1.000
Iteration 13000/15000. Validation Loss = 2.762, Validation Accuracy = 0.713
Iteration 14000/15000. Train Loss = 0.007, Train Accuracy = 1.000
Iteration 14000/15000. Validation Loss = 2.845, Validation Accuracy = 0.711
Iteration 15000/15000. Train Loss = 0.004, Train Accuracy = 1.000
Iteration 15000/15000. Validation Loss = 2.896, Validation Accuracy = 0.724
1087.19461298
